{
  "RSpec": {
    "coverage": {
      "/Users/jacqwhitmer/REPOS/tech_assessments/fetch_rewards_api/config/environment.rb": {
        "lines": [
          null,
          1,
          null,
          null,
          1
        ]
      },
      "/Users/jacqwhitmer/REPOS/tech_assessments/fetch_rewards_api/config/application.rb": {
        "lines": [
          1,
          null,
          1,
          null,
          1,
          1,
          1,
          1,
          1,
          1,
          1,
          1,
          1,
          1,
          null,
          null,
          null,
          null,
          null,
          1,
          null,
          1,
          1,
          null,
          1,
          null,
          null,
          null,
          null,
          null,
          null,
          null,
          null,
          null,
          null,
          null,
          null,
          1,
          null,
          null
        ]
      },
      "/Users/jacqwhitmer/REPOS/tech_assessments/fetch_rewards_api/config/boot.rb": {
        "lines": [
          1,
          null,
          1,
          1
        ]
      },
      "/Users/jacqwhitmer/REPOS/tech_assessments/fetch_rewards_api/config/environments/test.rb": {
        "lines": [
          1,
          null,
          null,
          null,
          null,
          null,
          null,
          1,
          null,
          null,
          1,
          null,
          null,
          null,
          null,
          1,
          null,
          null,
          1,
          1,
          null,
          null,
          null,
          null,
          1,
          1,
          1,
          null,
          null,
          1,
          null,
          null,
          1,
          null,
          null,
          1,
          null,
          1,
          null,
          null,
          null,
          null,
          1,
          null,
          null,
          1,
          null,
          null,
          1,
          null,
          null,
          1,
          null,
          null,
          null,
          null,
          null,
          null,
          null
        ]
      },
      "/Users/jacqwhitmer/REPOS/tech_assessments/fetch_rewards_api/config/initializers/application_controller_renderer.rb": {
        "lines": [
          null,
          null,
          null,
          null,
          null,
          null,
          null,
          null
        ]
      },
      "/Users/jacqwhitmer/REPOS/tech_assessments/fetch_rewards_api/config/initializers/backtrace_silencers.rb": {
        "lines": [
          null,
          null,
          null,
          null,
          null,
          null,
          null,
          1
        ]
      },
      "/Users/jacqwhitmer/REPOS/tech_assessments/fetch_rewards_api/config/initializers/cors.rb": {
        "lines": [
          null,
          null,
          null,
          null,
          null,
          null,
          null,
          null,
          null,
          null,
          null,
          null,
          null,
          null,
          null,
          null
        ]
      },
      "/Users/jacqwhitmer/REPOS/tech_assessments/fetch_rewards_api/config/initializers/filter_parameter_logging.rb": {
        "lines": [
          null,
          null,
          null,
          1,
          null,
          null
        ]
      },
      "/Users/jacqwhitmer/REPOS/tech_assessments/fetch_rewards_api/config/initializers/inflections.rb": {
        "lines": [
          null,
          null,
          null,
          null,
          null,
          null,
          null,
          null,
          null,
          null,
          null,
          null,
          null,
          null,
          null,
          null
        ]
      },
      "/Users/jacqwhitmer/REPOS/tech_assessments/fetch_rewards_api/config/initializers/mime_types.rb": {
        "lines": [
          null,
          null,
          null,
          null
        ]
      },
      "/Users/jacqwhitmer/REPOS/tech_assessments/fetch_rewards_api/config/initializers/wrap_parameters.rb": {
        "lines": [
          null,
          null,
          null,
          null,
          null,
          null,
          1,
          2,
          null,
          null,
          null,
          null,
          null,
          null
        ]
      },
      "/Users/jacqwhitmer/REPOS/tech_assessments/fetch_rewards_api/config/routes.rb": {
        "lines": [
          1,
          null,
          1,
          1,
          1,
          1,
          1,
          null,
          null,
          null
        ]
      },
      "/Users/jacqwhitmer/REPOS/tech_assessments/fetch_rewards_api/app/models/balance.rb": {
        "lines": [
          1,
          1,
          null,
          1,
          56,
          null,
          null
        ]
      },
      "/Users/jacqwhitmer/REPOS/tech_assessments/fetch_rewards_api/app/models/application_record.rb": {
        "lines": [
          1,
          1,
          null
        ]
      },
      "/Users/jacqwhitmer/REPOS/tech_assessments/fetch_rewards_api/spec/models/transaction_spec.rb": {
        "lines": [
          1,
          1,
          1,
          1,
          1,
          1,
          1,
          1,
          1,
          null,
          1,
          null,
          null,
          null
        ]
      },
      "/Users/jacqwhitmer/REPOS/tech_assessments/fetch_rewards_api/app/models/transaction.rb": {
        "lines": [
          1,
          null,
          1,
          6,
          null,
          null
        ]
      },
      "/Users/jacqwhitmer/REPOS/tech_assessments/fetch_rewards_api/spec/requests/api/v1/balances/edit_spec.rb": {
        "lines": [
          1,
          1,
          1,
          6,
          6,
          6,
          6,
          6,
          6,
          6,
          6,
          null,
          1,
          1,
          null,
          1,
          null,
          null,
          1,
          null,
          1,
          null,
          null,
          1,
          1,
          1,
          null,
          null,
          1,
          null,
          1,
          null,
          null,
          1,
          1,
          1,
          null,
          null,
          1,
          null,
          1,
          null,
          null,
          1,
          1,
          null,
          1,
          null,
          null,
          1,
          null,
          1,
          null,
          1,
          null,
          null,
          null,
          null,
          null,
          null,
          1,
          1,
          1,
          1,
          null,
          null,
          1,
          null,
          null,
          1,
          null,
          1,
          null,
          1,
          null,
          null,
          1,
          1,
          null,
          1,
          null,
          null,
          1,
          null,
          1,
          null,
          1,
          null,
          1,
          1,
          1,
          null,
          1,
          1,
          1,
          null,
          null,
          1,
          1,
          1,
          null,
          null,
          1,
          null,
          null,
          1,
          1,
          1,
          0,
          null,
          null,
          null,
          1,
          null,
          null,
          null
        ]
      },
      "/Users/jacqwhitmer/REPOS/tech_assessments/fetch_rewards_api/spec/requests/api/v1/balances/index_spec.rb": {
        "lines": [
          1,
          1,
          1,
          2,
          2,
          2,
          null,
          1,
          1,
          null,
          1,
          1,
          null,
          1,
          1,
          1,
          null,
          1,
          null,
          1,
          1,
          1,
          null,
          1,
          null,
          1,
          1,
          1,
          null,
          1,
          1,
          1,
          null,
          1,
          null,
          null,
          null
        ]
      },
      "/Users/jacqwhitmer/REPOS/tech_assessments/fetch_rewards_api/spec/requests/api/v1/transactions/new_spec.rb": {
        "lines": [
          1,
          1,
          1,
          null,
          1,
          null,
          null,
          null,
          1,
          null,
          1,
          null,
          1,
          null,
          1,
          null,
          1,
          null,
          null,
          1,
          null,
          1,
          null,
          1,
          null,
          1,
          null,
          1,
          null,
          null,
          1,
          null,
          1,
          null,
          1,
          null,
          null,
          1,
          null,
          null,
          1,
          null,
          1,
          null,
          1,
          null,
          null,
          1,
          null,
          null,
          1,
          null,
          1,
          null,
          1,
          null,
          1,
          null,
          1,
          null,
          null,
          null,
          1,
          null,
          1,
          null,
          1,
          1,
          1,
          1,
          null,
          1,
          null,
          1,
          null,
          null,
          null,
          1,
          null,
          1,
          null,
          1,
          null,
          1,
          1,
          null,
          1,
          null,
          null,
          1,
          null,
          null,
          null,
          null,
          1,
          null,
          1,
          null,
          1,
          null,
          null,
          1,
          1,
          null,
          1,
          null,
          null,
          1,
          null,
          null,
          null,
          null,
          1,
          null,
          1,
          null,
          1,
          1,
          null,
          null,
          1,
          1,
          null,
          1,
          null,
          null,
          1,
          null,
          null,
          null,
          null,
          1,
          null,
          1,
          null,
          1,
          null,
          null,
          1,
          1,
          null,
          1,
          null,
          null,
          1,
          null,
          null,
          null,
          null,
          1,
          null,
          1,
          null,
          1,
          1,
          null,
          null
        ]
      },
      "/Users/jacqwhitmer/REPOS/tech_assessments/fetch_rewards_api/app/controllers/api/v1/balances_controller.rb": {
        "lines": [
          1,
          null,
          1,
          4,
          4,
          3,
          null,
          1,
          null,
          null,
          null,
          1,
          7,
          7,
          2,
          null,
          5,
          5,
          5,
          13,
          13,
          null,
          5,
          5,
          5,
          22,
          22,
          4,
          4,
          4,
          4,
          null,
          0,
          0,
          0,
          null,
          null,
          18,
          10,
          10,
          10,
          10,
          10,
          0,
          0,
          0,
          null,
          null,
          null,
          5,
          5,
          13,
          13,
          13,
          13,
          11,
          null,
          null,
          5,
          null,
          null,
          null
        ]
      },
      "/Users/jacqwhitmer/REPOS/tech_assessments/fetch_rewards_api/app/controllers/application_controller.rb": {
        "lines": [
          1,
          1,
          6,
          null,
          null,
          1,
          8,
          null,
          null,
          1,
          1,
          null,
          null
        ]
      },
      "/Users/jacqwhitmer/REPOS/tech_assessments/fetch_rewards_api/app/serializers/balance_serializer.rb": {
        "lines": [
          1,
          1,
          null,
          1,
          null
        ]
      },
      "/Users/jacqwhitmer/REPOS/tech_assessments/fetch_rewards_api/app/controllers/api/v1/transactions_controller.rb": {
        "lines": [
          1,
          1,
          11,
          1,
          10,
          1,
          9,
          2,
          null,
          7,
          7,
          4,
          4,
          4,
          3,
          1,
          2,
          2,
          1,
          1,
          1,
          1,
          null,
          1,
          null,
          0,
          0,
          0,
          0,
          0,
          null,
          null,
          null,
          null,
          1,
          null,
          1,
          5,
          null,
          null
        ]
      },
      "/Users/jacqwhitmer/REPOS/tech_assessments/fetch_rewards_api/app/serializers/transaction_serializer.rb": {
        "lines": [
          1,
          1,
          null,
          1,
          null
        ]
      }
    },
    "timestamp": 1641351766
  }
}
